<?xml version="1.0" encoding="UTF-8"?>
<testsuite name="prog2.AppTest" tests="1" skipped="0" failures="0" errors="0" timestamp="2022-04-07T17:51:35" hostname="Albians-MacBook-Pro.local" time="0.02">
  <properties/>
  <testcase name="appHasAGreeting()" classname="prog2.AppTest" time="0.02"/>
  <system-out><![CDATA[]]></system-out>
  <system-err><![CDATA[]]></system-err>
</testsuite>
